<?xml version="1.0"?>
<checkstyle version="1.3.0">
  <file name="app\Controller\EmailRecordsController.php"/>
  <file name="app\Model\ForgotPassword.php"/>
  <file name="app\Controller\MembersController.php"/>
  <file name="plugins\MemberVoice\Controller\MemberVoiceAppController.php"/>
  <file name="app\View\Helper\NavHelper.php"/>
  <file name="dev\setup\lib\Krb5Auth.dummy.php"/>
  <file name="app\Controller\StatusController.php"/>
  <file name="app\Model\GroupsMember.php"/>
  <file name="app\Controller\Component\CsvComponent.php"/>
  <file name="plugins\MemberVoice\Model\MemberVoiceCategory.php"/>
  <file name="app\Model\Pin.php"/>
  <file name="app\Lib\AutomationDriver\HmsAutomationDriverTest.php"/>
  <file name="app\Console\Command\AppShell.php"/>
  <file name="app\Model\Member.php"/>
  <file name="app\Model\Status.php"/>
  <file name="app\Model\StatusUpdate.php"/>
  <file name="app\Model\Permission.php"/>
  <file name="app\Model\MemberEmail.php"/>
  <file name="app\Model\EmailRecord.php"/>
  <file name="app\Lib\Krb\krb5Auth.php"/>
  <file name="dev\setup\lib\updates\0.3.2.php"/>
  <file name="app\Model\ChangePassword.php"/>
  <file name="app\View\Helper\AppHelper.php"/>
  <file name="dev\setup\cmd\SetupCmd.php"/>
  <file name="app\Model\FileUpload.php"/>
  <file name="plugins\MemberVoice\Model\MemberVoiceAppModel.php"/>
  <file name="app\Lib\Error\Exception\NotAuthorizedException.php"/>
  <file name="app\Lib\CsvReader\CsvReader.php"/>
  <file name="app\Controller\Component\BankStatementComponent.php"/>
  <file name="app\View\Helper\MailinglistHelper.php"/>
  <file name="dev\setup\lib\Krb5Auth.real.php"/>
  <file name="app\Controller\PagesController.php"/>
  <file name="dev\setup\web\setup.php"/>
  <file name="dev\setup\lib\utils.php"/>
  <file name="app\Controller\GroupsController.php"/>
  <file name="plugins\MemberVoice\Model\MemberVoiceVote.php"/>
  <file name="app\Controller\MailinglistsController.php"/>
  <file name="app\Console\cake.php"/>
  <file name="app\Controller\SnackspaceController.php">
    <error line="0" severity="error" message="No summary was found for this file" source="phpDocumentor.file.PPC:ERR-50000"/>
    <error line="18" severity="error" message="No summary for property $uses" source="phpDocumentor.file.PPC:ERR-50007"/>
    <error line="62" severity="error" message="Argument $memberId is missing from the Docblock of history()" source="phpDocumentor.file.PPC:ERR-50015"/>
  </file>
  <file name="app\Model\Account.php"/>
  <file name="app\Controller\Component\AuthUtilComponent.php"/>
  <file name="app\Controller\Component\NavComponent.php"/>
  <file name="dev\setup\web\index.php"/>
  <file name="app\Model\Behavior\KrbAuthBehavior.php"/>
  <file name="app\Controller\AppController.php">
    <error line="100" severity="error" message="Argument $statii is missing from the Docblock of __addMainNav()" source="phpDocumentor.file.PPC:ERR-50015"/>
  </file>
  <file name="dev\tests\AllTests.php">
    <error line="0" severity="error" message="No summary was found for this file" source="phpDocumentor.file.PPC:ERR-50000"/>
    <error line="3" severity="error" message="No summary for class \AllTests" source="phpDocumentor.file.PPC:ERR-50005"/>
    <error line="5" severity="error" message="No summary for method suite()" source="phpDocumentor.file.PPC:ERR-50008"/>
  </file>
  <file name="plugins\MemberVoice\Model\MemberVoiceStatus.php"/>
  <file name="app\index.php"/>
  <file name="app\Model\AppModel.php"/>
  <file name="dev\setup\lib\updates\0.3.3.php"/>
  <file name="app\View\Helper\TinymceHelper.php"/>
  <file name="app\Model\MailingList.php"/>
  <file name="app\Controller\Component\Auth\HmsAuthorize.php"/>
  <file name="app\View\Helper\CurrencyHelper.php"/>
  <file name="app\Model\Transactions.php"/>
  <file name="app\Controller\Component\Auth\HmsAuthenticate.php"/>
  <file name="app\Lib\MailChimp\MCAPI.php"/>
  <file name="app\Lib\AutomationDriver\AutomationDriver.php"/>
  <file name="plugins\MemberVoice\Controller\MemberVoiceIdeasController.php"/>
  <file name="plugins\MemberVoice\Model\MemberVoiceComment.php"/>
  <file name="app\Lib\Error\Exception\InvalidStatusException.php"/>
  <file name="dev\setup\lib\setup.php"/>
  <file name="app\Lib\AutomationDriver\AutomationDriverTest.php"/>
  <file name="app\Model\Group.php"/>
  <file name="dev\setup\lib\DataGenerator.php"/>
  <file name="plugins\MemberVoice\Controller\MemberVoiceCommentsController.php"/>
  <file name="dev\setup\lib\updates\0.3.1.php"/>
  <file name="plugins\MemberVoice\Model\MemberVoiceIdea.php"/>
</checkstyle>
